2025-10-28 14:14:INFO    AT utils_logger.py:105: Logging to file: C:\Users\edaci\Documents\smart-sales-starter-files\project.log
2025-10-28 14:14:INFO    AT data_prep.py:42: Starting data preparation...
2025-10-28 14:14:INFO    AT data_prep.py:23: Reading raw data from C:\Users\edaci\Documents\smart-sales-starter-files\data\raw\customers_data.csv.
2025-10-28 14:14:INFO    AT data_prep.py:36: customers_data.csv: loaded DataFrame with shape 201 rows x 4 cols
2025-10-28 14:14:INFO    AT data_prep.py:23: Reading raw data from C:\Users\edaci\Documents\smart-sales-starter-files\data\raw\products_data.csv.
2025-10-28 14:14:INFO    AT data_prep.py:36: products_data.csv: loaded DataFrame with shape 100 rows x 4 cols
2025-10-28 14:14:INFO    AT data_prep.py:23: Reading raw data from C:\Users\edaci\Documents\smart-sales-starter-files\data\raw\sales_data.csv.
2025-10-28 14:14:INFO    AT data_prep.py:36: sales_data.csv: loaded DataFrame with shape 2001 rows x 7 cols
2025-10-28 14:14:INFO    AT data_prep.py:46: Data preparation complete.
2025-10-28 14:14:INFO    AT utils_logger.py:116: This is an example info message.
2025-10-28 14:14:WARNING AT utils_logger.py:117: This is an example warning message.
2025-10-28 14:14:ERROR   AT utils_logger.py:118: This is an example error message.
2025-10-28 14:14:INFO    AT utils_logger.py:116: This is an example info message.
2025-10-28 14:14:WARNING AT utils_logger.py:117: This is an example warning message.
2025-10-28 14:14:ERROR   AT utils_logger.py:118: This is an example error message.
2025-10-28 14:14:INFO    AT utils_logger.py:125: View the log output at C:\Users\edaci\Documents\smart-sales-starter-files\project.log
2025-10-28 14:14:INFO    AT test_utils_logger.py:65: Smoke test message
2025-10-28 14:16:INFO    AT utils_logger.py:105: Logging to file: C:\Users\edaci\Documents\smart-sales-starter-files\project.log
2025-10-28 14:16:INFO    AT data_prep.py:42: Starting data preparation...
2025-10-28 14:16:INFO    AT data_prep.py:23: Reading raw data from C:\Users\edaci\Documents\smart-sales-starter-files\data\raw\customers_data.csv.
2025-10-28 14:16:INFO    AT data_prep.py:36: customers_data.csv: loaded DataFrame with shape 201 rows x 4 cols
2025-10-28 14:16:INFO    AT data_prep.py:23: Reading raw data from C:\Users\edaci\Documents\smart-sales-starter-files\data\raw\products_data.csv.
2025-10-28 14:16:INFO    AT data_prep.py:36: products_data.csv: loaded DataFrame with shape 100 rows x 4 cols
2025-10-28 14:16:INFO    AT data_prep.py:23: Reading raw data from C:\Users\edaci\Documents\smart-sales-starter-files\data\raw\sales_data.csv.
2025-10-28 14:16:INFO    AT data_prep.py:36: sales_data.csv: loaded DataFrame with shape 2001 rows x 7 cols
2025-10-28 14:16:INFO    AT data_prep.py:46: Data preparation complete.
2025-10-28 15:01:INFO    AT utils_logger.py:105: Logging to file: C:\Users\edaci\Documents\smart-sales-starter-files\project.log
2025-10-28 15:01:INFO    AT data_prep.py:48: Starting data preparation...
2025-10-28 15:01:INFO    AT data_prep.py:32: Reading raw data from C:\Users\edaci\Documents\smart-sales-starter-files\data\raw\customers_data.csv.
2025-10-28 15:01:INFO    AT data_prep.py:35: customers_data.csv: loaded DataFrame with shape 201 rows x 4 cols
2025-10-28 15:01:INFO    AT data_prep.py:32: Reading raw data from C:\Users\edaci\Documents\smart-sales-starter-files\data\raw\products_data.csv.
2025-10-28 15:01:INFO    AT data_prep.py:35: products_data.csv: loaded DataFrame with shape 100 rows x 4 cols
2025-10-28 15:01:INFO    AT data_prep.py:32: Reading raw data from C:\Users\edaci\Documents\smart-sales-starter-files\data\raw\sales_data.csv.
2025-10-28 15:01:INFO    AT data_prep.py:35: sales_data.csv: loaded DataFrame with shape 2001 rows x 7 cols
2025-10-28 15:01:INFO    AT data_prep.py:60: Data preparation complete.
